<component name="libraryTable">
  <library name="junit" type="repository">
    <properties maven-id="org.apache.ant:ant-junit4:1.10.5" />
    <CLASSES>
      <root url="jar://$PROJECT_DIR$/.idea/ant/ant-junit4-1.10.5.jar!/" />
      <root url="jar://$PROJECT_DIR$/.idea/ant/ant-1.10.5.jar!/" />
      <root url="jar://$PROJECT_DIR$/.idea/ant/ant-launcher-1.10.5.jar!/" />
      <root url="jar://$PROJECT_DIR$/.idea/ant/junit-4.12.jar!/" />
      <root url="jar://$PROJECT_DIR$/.idea/ant/hamcrest-core-1.3.jar!/" />
    </CLASSES>
    <JAVADOC />
    <SOURCES />
  </library>
</component>